----------

Mon Jul 26 2021 19:32:38 GMT-0400 (Eastern Daylight Time)

warning: LF will be replaced by CRLF in assets/bootstrap/css/bootstrap.min.css.
The file will have its original line endings in your working directory


----------

Mon Jul 26 2021 19:32:38 GMT-0400 (Eastern Daylight Time)

warning: LF will be replaced by CRLF in assets/bootstrap/js/bootstrap.min.js.
The file will have its original line endings in your working directory


----------

Mon Jul 26 2021 19:32:38 GMT-0400 (Eastern Daylight Time)

warning: LF will be replaced by CRLF in assets/fonts/fa-brands-400.svg.
The file will have its original line endings in your working directory


----------

Mon Jul 26 2021 19:32:38 GMT-0400 (Eastern Daylight Time)

warning: LF will be replaced by CRLF in assets/fonts/fa-regular-400.svg.
The file will have its original line endings in your working directory


----------

Mon Jul 26 2021 19:32:38 GMT-0400 (Eastern Daylight Time)

warning: LF will be replaced by CRLF in assets/fonts/fa-solid-900.svg.
The file will have its original line endings in your working directory


----------

Mon Jul 26 2021 19:32:38 GMT-0400 (Eastern Daylight Time)

warning: LF will be replaced by CRLF in assets/fonts/fontawesome-all.min.css.
The file will have its original line endings in your working directory


----------

Mon Jul 26 2021 19:32:38 GMT-0400 (Eastern Daylight Time)

warning: LF will be replaced by CRLF in assets/fonts/ionicons.min.css.
The file will have its original line endings in your working directory


----------

Mon Jul 26 2021 19:32:38 GMT-0400 (Eastern Daylight Time)

warning: LF will be replaced by CRLF in assets/fonts/ionicons.svg.
The file will have its original line endings in your working directory


----------

Mon Jul 26 2021 19:32:38 GMT-0400 (Eastern Daylight Time)

warning: LF will be replaced by CRLF in assets/js/smart-forms.min.js.
The file will have its original line endings in your working directory


----------

Mon Jul 26 2021 19:32:38 GMT-0400 (Eastern Daylight Time)

warning: LF will be replaced by CRLF in contact.html.
The file will have its original line endings in your working directory


----------

Mon Jul 26 2021 19:32:38 GMT-0400 (Eastern Daylight Time)

warning: LF will be replaced by CRLF in cv.html.
The file will have its original line endings in your working directory


----------

Mon Jul 26 2021 19:32:38 GMT-0400 (Eastern Daylight Time)

warning: LF will be replaced by CRLF in index.html.
The file will have its original line endings in your working directory


----------

Mon Jul 26 2021 19:32:38 GMT-0400 (Eastern Daylight Time)

warning: LF will be replaced by CRLF in projects-grid-cards.html.
The file will have its original line endings in your working directory


----------

Mon Jul 26 2021 19:32:39 GMT-0400 (Eastern Daylight Time)

fatal: 'origin' does not appear to be a git repository


----------

Mon Jul 26 2021 19:32:39 GMT-0400 (Eastern Daylight Time)

fatal: Could not read from remote repository.

Please make sure you have the correct access rights
and the repository exists.


